<?xml version="1.0" encoding="UTF-8"?>
<testng-results ignored="0" total="2" passed="2" failed="0" skipped="0">
  <reporter-output>
  </reporter-output>
  <suite started-at="2021-12-02T11:03:15Z" name="OpenWeather" finished-at="2021-12-02T11:03:46Z" duration-ms="31489">
    <groups>
    </groups>
    <test started-at="2021-12-02T11:03:15Z" name="Test" finished-at="2021-12-02T11:03:46Z" duration-ms="31489">
      <class name="com.openweather.testCases.TC_GetTempratureFromUIAndAPI">
        <test-method is-config="true" signature="setup(java.lang.String)[pri:0, instance:com.openweather.testCases.TC_GetTempratureFromUIAndAPI@7e9131d5]" started-at="2021-12-02T11:03:15Z" name="setup" finished-at="2021-12-02T11:03:32Z" duration-ms="16805" status="PASS">
          <params>
            <param index="0">
              <value>
                <![CDATA[firefox]]>
              </value>
            </param>
          </params>
          <reporter-output>
          </reporter-output>
        </test-method> <!-- setup -->
        <test-method signature="getTempratureFromAPI()[pri:0, instance:com.openweather.testCases.TC_GetTempratureFromUIAndAPI@7e9131d5]" started-at="2021-12-02T11:03:32Z" name="getTempratureFromAPI" finished-at="2021-12-02T11:03:34Z" duration-ms="2457" status="PASS">
          <reporter-output>
          </reporter-output>
        </test-method> <!-- getTempratureFromAPI -->
        <test-method signature="getTempratureFromUI()[pri:0, instance:com.openweather.testCases.TC_GetTempratureFromUIAndAPI@7e9131d5]" started-at="2021-12-02T11:03:34Z" name="getTempratureFromUI" finished-at="2021-12-02T11:03:45Z" duration-ms="10296" status="PASS">
          <reporter-output>
          </reporter-output>
        </test-method> <!-- getTempratureFromUI -->
        <test-method is-config="true" signature="tearDown()[pri:0, instance:com.openweather.testCases.TC_GetTempratureFromUIAndAPI@7e9131d5]" started-at="2021-12-02T11:03:45Z" name="tearDown" finished-at="2021-12-02T11:03:46Z" duration-ms="1906" status="PASS">
          <reporter-output>
          </reporter-output>
        </test-method> <!-- tearDown -->
      </class> <!-- com.openweather.testCases.TC_GetTempratureFromUIAndAPI -->
    </test> <!-- Test -->
  </suite> <!-- OpenWeather -->
</testng-results>
