<?xml version="1.0" encoding="UTF-8"?>
<!-- Generated by org.testng.reporters.JUnitXMLReporter -->
<testsuite ignored="0" hostname="DESKTOP-QJST469" failures="0" tests="2" name="Test" time="31.489" errors="0" timestamp="02 Dec 2021 11:03:47 GMT">
  <testcase classname="com.openweather.testCases.TC_GetTempratureFromUIAndAPI" name="getTempratureFromAPI" time="2.457"/>
  <testcase classname="com.openweather.testCases.TC_GetTempratureFromUIAndAPI" name="getTempratureFromUI" time="10.296"/>
</testsuite> <!-- Test -->
