<?xml version="1.0" encoding="UTF-8"?>
<!-- Generated by org.testng.reporters.JUnitXMLReporter -->
<testsuite ignored="0" hostname="DESKTOP-QJST469" failures="0" tests="6" name="Test" time="130.972" errors="0" timestamp="2021-12-03T13:54:51 IST">
  <testcase classname="com.openweather.testCases.TC_GetWeather" name="searchWeather" time="10.39"/>
  <testcase classname="RestAPI.GetCurrentWeather" name="getCurrentWeather" time="2.977"/>
  <testcase classname="com.openweather.testCases.TC_GetTempratureFromUIAndAPI" name="compareTemprature" time="0.004"/>
  <testcase classname="com.openweather.testCases.TC_GetTempratureFromUIAndAPI" name="getTempratureFromAPI" time="1.64"/>
  <testcase classname="com.openweather.testCases.TC_GetTempratureFromUIAndAPI" name="getTempratureFromUI" time="10.219"/>
  <testcase classname="com.openweather.testCases.TC_VarianceLogic" name="varianceLogic" time="44.926"/>
</testsuite> <!-- Test -->
